<?xml version="1.0" encoding="UTF-8"?>
<testng-results ignored="1" total="1" passed="0" failed="0" skipped="0">
  <reporter-output>
  </reporter-output>
  <suite started-at="2023-02-12T16:24:59 EST" name="Default suite" finished-at="2023-02-12T16:24:59 EST" duration-ms="5">
    <groups>
    </groups>
    <test started-at="2023-02-12T16:24:59 EST" name="Default test" finished-at="2023-02-12T16:24:59 EST" duration-ms="5">
    </test> <!-- Default test -->
  </suite> <!-- Default suite -->
</testng-results>
